<?xml version="1.0" encoding="UTF-8"?>
<!-- Generated by org.testng.reporters.JUnitReportReporter -->
<testsuite skipped="0" hostname="DESKTOP-EIOTGG9" name="LoginTest" tests="1" failures="0" timestamp="2020-12-07T06:20:10 IST" time="4.820" errors="0">
  <testcase name="doLogin" time="4.820" classname="LoginTest"/>
  <system-out/>
</testsuite> <!-- LoginTest -->
