<?xml version="1.0" encoding="UTF-8"?>
<!-- Generated by org.testng.reporters.JUnitReportReporter -->
<testsuite skipped="0" hostname="DESKTOP-EIOTGG9" name="LoginTest" tests="1" failures="0" timestamp="2020-12-07T14:31:22 IST" time="1.271" errors="0">
  <testcase name="doLogin" time="1.271" classname="LoginTest"/>
  <system-out/>
</testsuite> <!-- LoginTest -->
